Arguments: 
  /home/user/.nvm/versions/node/v18.1.0/bin/node /snap/node/6619/bin/yarn.js global add nodemon

PATH: 
  /home/user/.nvm/versions/node/v18.1.0/bin:/usr/local/sbin:/usr/local/bin:/usr/sbin:/usr/bin:/sbin:/bin:/usr/games:/usr/local/games:/snap/bin

Yarn version: 
  1.22.19

Node version: 
  18.1.0

Platform: 
  linux x64

Trace: 
  SyntaxError: /home/user/Desktop/final-project-team-1/backend/package.json: Unexpected token < in JSON at position 497
      at JSON.parse (<anonymous>)
      at /snap/node/6619/lib/cli.js:1629:59
      at Generator.next (<anonymous>)
      at step (/snap/node/6619/lib/cli.js:310:30)
      at /snap/node/6619/lib/cli.js:321:13

npm manifest: 
  {
    "name": "final-project-team-1-backend",
    "version": "1.0.0",
    "description": "",
    "main": "index.js",
    "scripts": {
      "test": "echo \"Error: no test specified\" && exit 1",
      "start": "nodemon index.js"
    },
    "author": "",
    "license": "ISC",
    "devDependencies": {
      "nodemon": "^2.0.19"
    },
    "dependencies": {
      "body-parser": "^1.20.0",
      "cors": "^2.8.5",
      "dotenv": "^16.0.1",
      "express": "^4.18.1",
      "express-validator": "^6.14.2",
      "http-errors": "^2.0.0",
  <<<<<<< HEAD
      "jsonwebtoken": "^8.5.1",
  =======
      "mongodb": "^4.8.1",
  >>>>>>> b0bed9ec42ea41b722610fdec73139be03cc2a7a
      "mongoose": "^6.4.4",
      "morgan": "^1.10.0",
      "multer": "^1.4.4",
      "multer-gridfs-storage": "^5.0.2"
    },
    "type": "module"
  }

yarn manifest: 
  No manifest

Lockfile: 
  No lockfile
